<?xml version="1.0" encoding="UTF-8"?>
<testng-results ignored="0" total="2" passed="2" failed="0" skipped="0">
  <reporter-output>
  </reporter-output>
  <suite started-at="2025-05-10T22:55:23 EDT" name="Default suite" finished-at="2025-05-10T22:55:37 EDT" duration-ms="14620">
    <groups>
    </groups>
    <test started-at="2025-05-10T22:55:23 EDT" name="Default test" finished-at="2025-05-10T22:55:37 EDT" duration-ms="14620">
      <class name="com.ninja.qa.testcases.Login">
        <test-method signature="verifyLoginWithValidCreds()[pri:1, instance:com.ninja.qa.testcases.Login@6302bbb1]" started-at="2025-05-10T22:55:23 EDT" name="verifyLoginWithValidCreds" finished-at="2025-05-10T22:55:32 EDT" duration-ms="9026" status="PASS">
          <reporter-output>
          </reporter-output>
        </test-method> <!-- verifyLoginWithValidCreds -->
        <test-method signature="verifyLoginWithInvalidCreds()[pri:2, instance:com.ninja.qa.testcases.Login@6302bbb1]" started-at="2025-05-10T22:55:32 EDT" name="verifyLoginWithInvalidCreds" finished-at="2025-05-10T22:55:37 EDT" duration-ms="5519" status="PASS">
          <reporter-output>
          </reporter-output>
        </test-method> <!-- verifyLoginWithInvalidCreds -->
      </class> <!-- com.ninja.qa.testcases.Login -->
    </test> <!-- Default test -->
  </suite> <!-- Default suite -->
</testng-results>
